Сборка начата 02.03.2024 11:50:55.
Уровень детализации журнала: Normal.     1>Проект "D:\Vision Lab 2 sem\АиСД\Laba3AiSD\Laba3AiSD.vcxproj" в узле 2 (целевые объекты Build).
     1>PrepareForBuild:
         Создание каталога "x64\Debug\Laba3AiSD.tlog\".
       InitializeBuildStatus:
         Создание "x64\Debug\Laba3AiSD.tlog\unsuccessfulbuild", так как было задано "AlwaysCreate".
         Обращение к "x64\Debug\Laba3AiSD.tlog\unsuccessfulbuild".
       ClCompile:
         C:\Program Files\Microsoft Visual Studio\2022\Community\VC\Tools\MSVC\14.37.32822\bin\HostX64\x64\CL.exe /c /ZI /JMC /nologo /W3 /WX- /diagnostics:column /sdl /Od /D _DEBUG /D _CONSOLE /D _UNICODE /D UNICODE /Gm- /EHsc /RTC1 /MDd /GS /fp:precise /Zc:wchar_t /Zc:forScope /Zc:inline /permissive- /Fo"x64\Debug\\" /Fd"x64\Debug\vc143.pdb" /external:W3 /Gd /TP /FC /errorReport:prompt Project1.cpp
         Project1.cpp
     1>D:\Vision Lab 2 sem\АиСД\Laba3AiSD\Project1.cpp(34,12): warning C4244: аргумент: преобразование "time_t" в "unsigned int", возможна потеря данных
       Link:
         C:\Program Files\Microsoft Visual Studio\2022\Community\VC\Tools\MSVC\14.37.32822\bin\HostX64\x64\link.exe /ERRORREPORT:PROMPT /OUT:"D:\Vision Lab 2 sem\АиСД\Laba3AiSD\x64\Debug\Laba3AiSD.exe" /INCREMENTAL /ILK:"x64\Debug\Laba3AiSD.ilk" /NOLOGO kernel32.lib user32.lib gdi32.lib winspool.lib comdlg32.lib advapi32.lib shell32.lib ole32.lib oleaut32.lib uuid.lib odbc32.lib odbccp32.lib /MANIFEST /MANIFESTUAC:"level='asInvoker' uiAccess='false'" /manifest:embed /DEBUG /PDB:"D:\Vision Lab 2 sem\АиСД\Laba3AiSD\x64\Debug\Laba3AiSD.pdb" /SUBSYSTEM:CONSOLE /TLBID:1 /DYNAMICBASE /NXCOMPAT /IMPLIB:"D:\Vision Lab 2 sem\АиСД\Laba3AiSD\x64\Debug\Laba3AiSD.lib" /MACHINE:X64 x64\Debug\Project1.obj
         Laba3AiSD.vcxproj -> D:\Vision Lab 2 sem\АиСД\Laba3AiSD\x64\Debug\Laba3AiSD.exe
       FinalizeBuildStatus:
         Файл "x64\Debug\Laba3AiSD.tlog\unsuccessfulbuild" удаляется.
         Обращение к "x64\Debug\Laba3AiSD.tlog\Laba3AiSD.lastbuildstate".
     1>Сборка проекта "D:\Vision Lab 2 sem\АиСД\Laba3AiSD\Laba3AiSD.vcxproj" завершена (целевые объекты Build).

Сборка успешно завершена.

       "D:\Vision Lab 2 sem\АиСД\Laba3AiSD\Laba3AiSD.vcxproj" (целевой объект Build ) (1) ->
       (Целевой объект ClCompile) -> 
         D:\Vision Lab 2 sem\АиСД\Laba3AiSD\Project1.cpp(34,12): warning C4244: аргумент: преобразование "time_t" в "unsigned int", возможна потеря данных

    Предупреждений: 1
    Ошибок: 0

Прошло времени 00:00:00.85
