Сборка начата 20.04.2024 22:34:13.
Уровень детализации журнала: Normal.     1>Проект "D:\Vision Lab 2 sem\АиСД\Laba4AiSD\Laba4AiSD.vcxproj" в узле 2 (целевые объекты Build).
     1>PrepareForBuild:
         Создание каталога "x64\Debug\Laba4AiSD.tlog\".
       InitializeBuildStatus:
         Создание "x64\Debug\Laba4AiSD.tlog\unsuccessfulbuild", так как было задано "AlwaysCreate".
         Обращение к "x64\Debug\Laba4AiSD.tlog\unsuccessfulbuild".
       ClCompile:
         C:\Program Files\Microsoft Visual Studio\2022\Community\VC\Tools\MSVC\14.37.32822\bin\HostX64\x64\CL.exe /c /ZI /JMC /nologo /W3 /WX- /diagnostics:column /sdl /Od /D _DEBUG /D _CONSOLE /D _UNICODE /D UNICODE /Gm- /EHsc /RTC1 /MDd /GS /fp:precise /Zc:wchar_t /Zc:forScope /Zc:inline /permissive- /Fo"x64\Debug\\" /Fd"x64\Debug\vc143.pdb" /external:W3 /Gd /TP /FC /errorReport:prompt Laba4AiSD.cpp
         Laba4AiSD.cpp
       Link:
         C:\Program Files\Microsoft Visual Studio\2022\Community\VC\Tools\MSVC\14.37.32822\bin\HostX64\x64\link.exe /ERRORREPORT:PROMPT /OUT:"D:\Vision Lab 2 sem\АиСД\Laba4AiSD\x64\Debug\Laba4AiSD.exe" /INCREMENTAL /ILK:"x64\Debug\Laba4AiSD.ilk" /NOLOGO kernel32.lib user32.lib gdi32.lib winspool.lib comdlg32.lib advapi32.lib shell32.lib ole32.lib oleaut32.lib uuid.lib odbc32.lib odbccp32.lib /MANIFEST /MANIFESTUAC:"level='asInvoker' uiAccess='false'" /manifest:embed /DEBUG /PDB:"D:\Vision Lab 2 sem\АиСД\Laba4AiSD\x64\Debug\Laba4AiSD.pdb" /SUBSYSTEM:CONSOLE /TLBID:1 /DYNAMICBASE /NXCOMPAT /IMPLIB:"D:\Vision Lab 2 sem\АиСД\Laba4AiSD\x64\Debug\Laba4AiSD.lib" /MACHINE:X64 x64\Debug\Laba4AiSD.obj
         Laba4AiSD.vcxproj -> D:\Vision Lab 2 sem\АиСД\Laba4AiSD\x64\Debug\Laba4AiSD.exe
       FinalizeBuildStatus:
         Файл "x64\Debug\Laba4AiSD.tlog\unsuccessfulbuild" удаляется.
         Обращение к "x64\Debug\Laba4AiSD.tlog\Laba4AiSD.lastbuildstate".
     1>Сборка проекта "D:\Vision Lab 2 sem\АиСД\Laba4AiSD\Laba4AiSD.vcxproj" завершена (целевые объекты Build).

Сборка успешно завершена.
    Предупреждений: 0
    Ошибок: 0

Прошло времени 00:00:00.80
