Сборка начата 02.03.2024 11:54:26.
Уровень детализации журнала: Normal.     1>Проект "D:\Vision Lab 2 sem\АиСД\Laba2AiSD\Laba2AiSD.vcxproj" в узле 2 (целевые объекты Build).
     1>InitializeBuildStatus:
         Создание "x64\Debug\Laba2AiSD.tlog\unsuccessfulbuild", так как было задано "AlwaysCreate".
         Обращение к "x64\Debug\Laba2AiSD.tlog\unsuccessfulbuild".
       ClCompile:
         C:\Program Files\Microsoft Visual Studio\2022\Community\VC\Tools\MSVC\14.37.32822\bin\HostX64\x64\CL.exe /c /ZI /JMC /nologo /W3 /WX- /diagnostics:column /sdl /Od /D _DEBUG /D _CONSOLE /D _UNICODE /D UNICODE /Gm- /EHsc /RTC1 /MDd /GS /fp:precise /Zc:wchar_t /Zc:forScope /Zc:inline /permissive- /Fo"x64\Debug\\" /Fd"x64\Debug\vc143.pdb" /external:W3 /Gd /TP /FC /errorReport:prompt Project.cpp
         Project.cpp
     1>D:\Vision Lab 2 sem\АиСД\Laba2AiSD\Project.cpp(18,17): warning C4244: =: преобразование "double" в "unsigned __int64", возможна потеря данных
     1>D:\Vision Lab 2 sem\АиСД\Laba2AiSD\Project.cpp(34,17): warning C4244: =: преобразование "double" в "unsigned __int64", возможна потеря данных
       Link:
         C:\Program Files\Microsoft Visual Studio\2022\Community\VC\Tools\MSVC\14.37.32822\bin\HostX64\x64\link.exe /ERRORREPORT:PROMPT /OUT:"D:\Vision Lab 2 sem\АиСД\Laba2AiSD\x64\Debug\Laba2AiSD.exe" /INCREMENTAL /ILK:"x64\Debug\Laba2AiSD.ilk" /NOLOGO kernel32.lib user32.lib gdi32.lib winspool.lib comdlg32.lib advapi32.lib shell32.lib ole32.lib oleaut32.lib uuid.lib odbc32.lib odbccp32.lib /MANIFEST /MANIFESTUAC:"level='asInvoker' uiAccess='false'" /manifest:embed /DEBUG /PDB:"D:\Vision Lab 2 sem\АиСД\Laba2AiSD\x64\Debug\Laba2AiSD.pdb" /SUBSYSTEM:CONSOLE /TLBID:1 /DYNAMICBASE /NXCOMPAT /IMPLIB:"D:\Vision Lab 2 sem\АиСД\Laba2AiSD\x64\Debug\Laba2AiSD.lib" /MACHINE:X64 x64\Debug\Project.obj
         Laba2AiSD.vcxproj -> D:\Vision Lab 2 sem\АиСД\Laba2AiSD\x64\Debug\Laba2AiSD.exe
       FinalizeBuildStatus:
         Файл "x64\Debug\Laba2AiSD.tlog\unsuccessfulbuild" удаляется.
         Обращение к "x64\Debug\Laba2AiSD.tlog\Laba2AiSD.lastbuildstate".
     1>Сборка проекта "D:\Vision Lab 2 sem\АиСД\Laba2AiSD\Laba2AiSD.vcxproj" завершена (целевые объекты Build).

Сборка успешно завершена.

       "D:\Vision Lab 2 sem\АиСД\Laba2AiSD\Laba2AiSD.vcxproj" (целевой объект Build ) (1) ->
       (Целевой объект ClCompile) -> 
         D:\Vision Lab 2 sem\АиСД\Laba2AiSD\Project.cpp(18,17): warning C4244: =: преобразование "double" в "unsigned __int64", возможна потеря данных
         D:\Vision Lab 2 sem\АиСД\Laba2AiSD\Project.cpp(34,17): warning C4244: =: преобразование "double" в "unsigned __int64", возможна потеря данных

    Предупреждений: 2
    Ошибок: 0

Прошло времени 00:00:00.93
